<?xml version="1.0" encoding="UTF-8"?>
<!-- Generated by org.testng.reporters.JUnitXMLReporter -->
<testsuite ignored="0" hostname="DESKTOP-EKFF6L8" failures="0" tests="7" name="automation task test cases" time="82.194" errors="0" timestamp="2022-08-07T10:36:59 EET">
  <testcase classname="testcases.GoogleMainPageTest" name="GooglePageTitle" time="0.022"/>
  <testcase classname="testcases.GoogleMainPageTest" name="GoogleLogo" time="0.128"/>
  <testcase classname="testcases.GoogleMainPageTest" name="Searchingoogletest" time="0.0">
    <skipped/>
  </testcase> <!-- Searchingoogletest -->
  <testcase classname="testcases.GoogleSearchResultTest" name="scrollandnextpage" time="2.923"/>
  <testcase classname="testcases.GooglePageTwoTest" name="countlinksonpage" time="0.05"/>
  <testcase classname="testcases.GooglePageTwoTest" name="scrollandnextpage" time="1.651"/>
  <testcase classname="testcases.GooglePageThreeTest" name="pagenumbervalidation" time="0.172"/>
</testsuite> <!-- automation task test cases -->
